This is pdfTeX, Version 3.14159265-2.6-1.40.18 (TeX Live 2017/MacPorts 2017_2) (preloaded format=pdflatex 2018.1.17)  19 JAN 2018 16:54
entering extended mode
 restricted \write18 enabled.
 file:line:error style messages enabled.
 %&-line parsing enabled.
**\input TPAIS_2018.tex
(./TPAIS_2018.tex (./siamltex.cls
Document Class: siamltex 1996/10/11 v1.2 LaTeX document class
(/opt/local/share/texmf-texlive/tex/latex/base/leqno.clo
File: leqno.clo 2016/12/29 v1.2a Standard LaTeX option (left equation numbers)
) (./siam10.clo
File: siam10.clo 1994/10/01 v1.0 SIAM LaTeX file (size option)
)
\c@section=\count79
\c@subsection=\count80
\c@subsubsection=\count81
\c@paragraph=\count82
\c@subparagraph=\count83
\c@rmnum=\count84
\c@muni=\count85
\c@theorem=\count86
\c@figure=\count87
\c@table=\count88
\abovecaptionskip=\skip41
\belowcaptionskip=\skip42
\bibindent=\dimen102
)
(/opt/local/share/texmf-texlive/tex/latex/cite/cite.sty
LaTeX Info: Redefining \cite on input line 302.
LaTeX Info: Redefining \nocite on input line 332.
Package: cite 2015/02/27  v 5.5
)
(/opt/local/share/texmf-texlive/tex/latex/graphics/graphicx.sty
Package: graphicx 2014/10/28 v1.0g Enhanced LaTeX Graphics (DPC,SPQR)

(/opt/local/share/texmf-texlive/tex/latex/graphics/keyval.sty
Package: keyval 2014/10/28 v1.15 key=value parser (DPC)
\KV@toks@=\toks14
)
(/opt/local/share/texmf-texlive/tex/latex/graphics/graphics.sty
Package: graphics 2017/04/14 v1.1b Standard LaTeX Graphics (DPC,SPQR)

(/opt/local/share/texmf-texlive/tex/latex/graphics/trig.sty
Package: trig 2016/01/03 v1.10 sin cos tan (DPC)
)
(/opt/local/share/texmf-texlive/tex/latex/graphics-cfg/graphics.cfg
File: graphics.cfg 2016/06/04 v1.11 sample graphics configuration
)
Package graphics Info: Driver file: pdftex.def on input line 99.

(/opt/local/share/texmf-texlive/tex/latex/graphics-def/pdftex.def
File: pdftex.def 2017/01/12 v0.06k Graphics/color for pdfTeX

(/opt/local/share/texmf-texlive/tex/generic/oberdiek/infwarerr.sty
Package: infwarerr 2016/05/16 v1.4 Providing info/warning/error messages (HO)
)
(/opt/local/share/texmf-texlive/tex/generic/oberdiek/ltxcmds.sty
Package: ltxcmds 2016/05/16 v1.23 LaTeX kernel commands for general use (HO)
)
\Gread@gobject=\count89
))
\Gin@req@height=\dimen103
\Gin@req@width=\dimen104
)
(/opt/local/share/texmf-texlive/tex/latex/bbm-macros/bbm.sty
Package: bbm 1999/03/15 V 1.2 provides fonts for set symbols - TH
LaTeX Font Info:    Overwriting math alphabet `\mathbbm' in version `bold'
(Font)                  U/bbm/m/n --> U/bbm/bx/n on input line 33.
LaTeX Font Info:    Overwriting math alphabet `\mathbbmss' in version `bold'
(Font)                  U/bbmss/m/n --> U/bbmss/bx/n on input line 35.
)
(/opt/local/share/texmf-texlive/tex/latex/pstricks/pstricks.sty
Package: pstricks 2017/03/17 v0.63 LaTeX wrapper for `PSTricks' (RN,HV)

(/opt/local/share/texmf-texlive/tex/latex/xcolor/xcolor.sty
Package: xcolor 2016/05/11 v2.12 LaTeX color extensions (UK)

(/opt/local/share/texmf-texlive/tex/latex/graphics-cfg/color.cfg
File: color.cfg 2016/01/02 v1.6 sample color configuration
)
Package xcolor Info: Driver file: pdftex.def on input line 225.
Package xcolor Info: Model `cmy' substituted by `cmy0' on input line 1348.
Package xcolor Info: Model `hsb' substituted by `rgb' on input line 1352.
Package xcolor Info: Model `RGB' extended on input line 1364.
Package xcolor Info: Model `HTML' substituted by `rgb' on input line 1366.
Package xcolor Info: Model `Hsb' substituted by `hsb' on input line 1367.
Package xcolor Info: Model `tHsb' substituted by `hsb' on input line 1368.
Package xcolor Info: Model `HSB' substituted by `hsb' on input line 1369.
Package xcolor Info: Model `Gray' substituted by `gray' on input line 1370.
Package xcolor Info: Model `wave' substituted by `hsb' on input line 1371.
)
(/opt/local/share/texmf-texlive/tex/generic/pstricks/pstricks.tex
(/opt/local/share/texmf-texlive/tex/generic/xkeyval/pst-xkey.tex
File: pst-xkey.tex 2005/11/25 v1.6 PSTricks specialization of xkeyval (HA)

(/opt/local/share/texmf-texlive/tex/latex/xkeyval/xkeyval.sty
Package: xkeyval 2014/12/03 v2.7a package option processing (HA)

(/opt/local/share/texmf-texlive/tex/generic/xkeyval/xkeyval.tex
(/opt/local/share/texmf-texlive/tex/generic/xkeyval/xkvutils.tex
\XKV@toks=\toks15
\XKV@tempa@toks=\toks16
)
\XKV@depth=\count90
File: xkeyval.tex 2014/12/03 v2.7a key=value parser (HA)
)))
(/opt/local/share/texmf-texlive/tex/generic/pstricks/pst-fp.tex
`pst-fp' v0.05, 2010/01/17 (hv)
\pstFP@xs=\count91
\pstFP@xia=\count92
\pstFP@xib=\count93
\pstFP@xfa=\count94
\pstFP@xfb=\count95
\pstFP@rega=\count96
\pstFP@regb=\count97
\pstFP@regs=\count98
\pstFP@times=\count99
)
(/opt/local/share/texmf/tex/generic/pgf/utilities/pgfutil-common.tex
\pgfutil@everybye=\toks17
\pgfutil@tempdima=\dimen105
\pgfutil@tempdimb=\dimen106

(/opt/local/share/texmf/tex/generic/pgf/utilities/pgfutil-common-lists.tex))
(/opt/local/share/texmf/tex/generic/pgf/utilities/pgfkeys.code.tex
\pgfkeys@pathtoks=\toks18
\pgfkeys@temptoks=\toks19

(/opt/local/share/texmf/tex/generic/pgf/utilities/pgfkeysfiltered.code.tex
\pgfkeys@tmptoks=\toks20
))
(/opt/local/share/texmf/tex/generic/pgf/utilities/pgffor.code.tex
(/opt/local/share/texmf/tex/generic/pgf/math/pgfmath.code.tex
(/opt/local/share/texmf/tex/generic/pgf/math/pgfmathcalc.code.tex
(/opt/local/share/texmf/tex/generic/pgf/math/pgfmathutil.code.tex
\pgf@x=\dimen107
\pgf@xa=\dimen108
\pgf@xb=\dimen109
\pgf@xc=\dimen110
\pgf@y=\dimen111
\pgf@ya=\dimen112
\pgf@yb=\dimen113
\pgf@yc=\dimen114
\c@pgf@counta=\count100
\c@pgf@countb=\count101
\c@pgf@countc=\count102
\c@pgf@countd=\count103
\pgfutil@tempcnta=\count104
\pgfutil@tempcntb=\count105
)
(/opt/local/share/texmf/tex/generic/pgf/math/pgfmathparser.code.tex
\pgfmath@dimen=\dimen115
\pgfmath@count=\count106
\pgfmath@box=\box26
\pgfmath@toks=\toks21
\pgfmath@stack@operand=\toks22
\pgfmath@stack@operation=\toks23
)
(/opt/local/share/texmf/tex/generic/pgf/math/pgfmathfunctions.code.tex
(/opt/local/share/texmf/tex/generic/pgf/math/pgfmathfunctions.basic.code.tex)
(/opt/local/share/texmf/tex/generic/pgf/math/pgfmathfunctions.trigonometric.cod
e.tex)
(/opt/local/share/texmf/tex/generic/pgf/math/pgfmathfunctions.random.code.tex)
(/opt/local/share/texmf/tex/generic/pgf/math/pgfmathfunctions.comparison.code.t
ex) (/opt/local/share/texmf/tex/generic/pgf/math/pgfmathfunctions.base.code.tex
) (/opt/local/share/texmf/tex/generic/pgf/math/pgfmathfunctions.round.code.tex)
(/opt/local/share/texmf/tex/generic/pgf/math/pgfmathfunctions.misc.code.tex)
(/opt/local/share/texmf/tex/generic/pgf/math/pgfmathfunctions.integerarithmetic
s.code.tex)))
(/opt/local/share/texmf/tex/generic/pgf/math/pgfmathfloat.code.tex
\c@pgfmathroundto@lastzeros=\count107
))
\pgffor@iter=\dimen116
\pgffor@skip=\dimen117
\pgffor@stack=\toks24
\pgffor@toks=\toks25
)
\psLoopIndex=\count108

`PSTricks' v2.73  <2017/05/18> (tvz)
\pst@dima=\dimen118
\pst@dimb=\dimen119
\pst@dimc=\dimen120
\pst@dimd=\dimen121
\pst@dimg=\dimen122
\pst@dimh=\dimen123
\pst@dimm=\dimen124
\pst@dimn=\dimen125
\pst@dimo=\dimen126
\pst@dimp=\dimen127
\pst@hbox=\box27
\pst@ibox=\box28
\pst@boxg=\box29
\pst@cnta=\count109
\pst@cntb=\count110
\pst@cntc=\count111
\pst@cntd=\count112
\pst@cntg=\count113
\pst@cnth=\count114
\pst@cntm=\count115
\pst@cntn=\count116
\pst@cnto=\count117
\pst@cntp=\count118
\@zero=\count119
\pst@toks=\toks26
(/opt/local/share/texmf-texlive/tex/generic/pstricks/pstricks.con)
\psunit=\dimen128
\psxunit=\dimen129
\psyunit=\dimen130
\pst@C@@rType=\count120
\pslinewidth=\dimen131
\psk@startLW=\dimen132
\psk@endLW=\dimen133
\pst@customdefs=\toks27
\pslinearc=\dimen134
\pst@symbolStep=\dimen135
\pst@symbolWidth=\dimen136
\pst@symbolLinewidth=\dimen137
\everypsbox=\toks28
\psframesep=\dimen138
\pslabelsep=\dimen139
\sh@wgridXunit=\dimen140
\sh@wgridYunit=\dimen141
\pst@shift=\dimen142
)
File: pstricks.tex 2017/05/18 v2.73 `PSTricks' (tvz,hv)

(/opt/local/share/texmf-texlive/tex/generic/pstricks/pst-fp.tex)
File: pst-fp.tex 2017/05/18 v2.73 `PST-fp' (hv)
)
(/opt/local/share/texmf-texlive/tex/latex/soul/soul.sty
Package: soul 2003/11/17 v2.4 letterspacing/underlining (mf)
\SOUL@word=\toks29
\SOUL@lasttoken=\toks30
\SOUL@cmds=\toks31
\SOUL@buffer=\toks32
\SOUL@token=\toks33
\SOUL@spaceskip=\skip43
\SOUL@ttwidth=\dimen143
\SOUL@uldp=\dimen144
\SOUL@ulht=\dimen145
)
(/opt/local/share/texmf-texlive/tex/latex/psnfss/pifont.sty
Package: pifont 2005/04/12 PSNFSS-v9.2a Pi font support (SPQR) 
LaTeX Font Info:    Try loading font information for U+pzd on input line 63.

(/opt/local/share/texmf-texlive/tex/latex/psnfss/upzd.fd
File: upzd.fd 2001/06/04 font definitions for U/pzd.
)
LaTeX Font Info:    Try loading font information for U+psy on input line 64.

(/opt/local/share/texmf-texlive/tex/latex/psnfss/upsy.fd
File: upsy.fd 2001/06/04 font definitions for U/psy.
))
(/opt/local/share/texmf-texlive/tex/latex/algorithms/algorithmic.sty
Package: algorithmic 2009/08/24 v0.1 Document Style `algorithmic'

(/opt/local/share/texmf-texlive/tex/latex/base/ifthen.sty
Package: ifthen 2014/09/29 v1.1c Standard LaTeX ifthen package (DPC)
)
\c@ALC@unique=\count121
\c@ALC@line=\count122
\c@ALC@rem=\count123
\c@ALC@depth=\count124
\ALC@tlm=\skip44
\algorithmicindent=\skip45
)
(/opt/local/share/texmf-texlive/tex/latex/mdframed/mdframed.sty
Package: mdframed 2013/07/01 1.9b: mdframed

(/opt/local/share/texmf-texlive/tex/latex/oberdiek/kvoptions.sty
Package: kvoptions 2016/05/16 v3.12 Key value format for package options (HO)

(/opt/local/share/texmf-texlive/tex/generic/oberdiek/kvsetkeys.sty
Package: kvsetkeys 2016/05/16 v1.17 Key value parser (HO)

(/opt/local/share/texmf-texlive/tex/generic/oberdiek/etexcmds.sty
Package: etexcmds 2016/05/16 v1.6 Avoid name clashes with e-TeX commands (HO)

(/opt/local/share/texmf-texlive/tex/generic/oberdiek/ifluatex.sty
Package: ifluatex 2016/05/16 v1.4 Provides the ifluatex switch (HO)
Package ifluatex Info: LuaTeX not detected.
)
Package etexcmds Info: Could not find \expanded.
(etexcmds)             That can mean that you are not using pdfTeX 1.50 or
(etexcmds)             that some package has redefined \expanded.
(etexcmds)             In the latter case, load this package earlier.
)))
(/opt/local/share/texmf-texlive/tex/latex/l3packages/xparse/xparse.sty
(/opt/local/share/texmf-texlive/tex/latex/l3kernel/expl3.sty
Package: expl3 2017/05/13 L3 programming layer (loader) 

(/opt/local/share/texmf-texlive/tex/latex/l3kernel/expl3-code.tex
Package: expl3 2017/05/13 L3 programming layer (code)
\c_max_int=\count125
\l_tmpa_int=\count126
\l_tmpb_int=\count127
\g_tmpa_int=\count128
\g_tmpb_int=\count129
\g__prg_map_int=\count130
\c_log_iow=\count131
\l_iow_line_count_int=\count132
\l__iow_line_target_int=\count133
\l__iow_one_indent_int=\count134
\l__iow_indent_int=\count135
\c_zero_dim=\dimen146
\c_max_dim=\dimen147
\l_tmpa_dim=\dimen148
\l_tmpb_dim=\dimen149
\g_tmpa_dim=\dimen150
\g_tmpb_dim=\dimen151
\c_zero_skip=\skip46
\c_max_skip=\skip47
\l_tmpa_skip=\skip48
\l_tmpb_skip=\skip49
\g_tmpa_skip=\skip50
\g_tmpb_skip=\skip51
\c_zero_muskip=\muskip10
\c_max_muskip=\muskip11
\l_tmpa_muskip=\muskip12
\l_tmpb_muskip=\muskip13
\g_tmpa_muskip=\muskip14
\g_tmpb_muskip=\muskip15
\l_keys_choice_int=\count136
\c__fp_leading_shift_int=\count137
\c__fp_middle_shift_int=\count138
\c__fp_trailing_shift_int=\count139
\c__fp_big_leading_shift_int=\count140
\c__fp_big_middle_shift_int=\count141
\c__fp_big_trailing_shift_int=\count142
\c__fp_Bigg_leading_shift_int=\count143
\c__fp_Bigg_middle_shift_int=\count144
\c__fp_Bigg_trailing_shift_int=\count145
\c__fp_rand_size_int=\count146
\c__fp_rand_four_int=\count147
\c__fp_rand_eight_int=\count148
\l__sort_length_int=\count149
\l__sort_min_int=\count150
\l__sort_top_int=\count151
\l__sort_max_int=\count152
\l__sort_true_max_int=\count153
\l__sort_block_int=\count154
\l__sort_begin_int=\count155
\l__sort_end_int=\count156
\l__sort_A_int=\count157
\l__sort_B_int=\count158
\l__sort_C_int=\count159
\c_empty_box=\box30
\l_tmpa_box=\box31
\l_tmpb_box=\box32
\g_tmpa_box=\box33
\g_tmpb_box=\box34
\l__box_top_dim=\dimen152
\l__box_bottom_dim=\dimen153
\l__box_left_dim=\dimen154
\l__box_right_dim=\dimen155
\l__box_top_new_dim=\dimen156
\l__box_bottom_new_dim=\dimen157
\l__box_left_new_dim=\dimen158
\l__box_right_new_dim=\dimen159
\l__box_internal_box=\box35
\l__coffin_internal_box=\box36
\l__coffin_internal_dim=\dimen160
\l__coffin_offset_x_dim=\dimen161
\l__coffin_offset_y_dim=\dimen162
\l__coffin_x_dim=\dimen163
\l__coffin_y_dim=\dimen164
\l__coffin_x_prime_dim=\dimen165
\l__coffin_y_prime_dim=\dimen166
\c_empty_coffin=\box37
\l__coffin_aligned_coffin=\box38
\l__coffin_aligned_internal_coffin=\box39
\l_tmpa_coffin=\box40
\l_tmpb_coffin=\box41
\l__coffin_display_coffin=\box42
\l__coffin_display_coord_coffin=\box43
\l__coffin_display_pole_coffin=\box44
\l__coffin_display_offset_dim=\dimen167
\l__coffin_display_x_dim=\dimen168
\l__coffin_display_y_dim=\dimen169
\l__coffin_bounding_shift_dim=\dimen170
\l__coffin_left_corner_dim=\dimen171
\l__coffin_right_corner_dim=\dimen172
\l__coffin_bottom_corner_dim=\dimen173
\l__coffin_top_corner_dim=\dimen174
\l__coffin_scaled_total_height_dim=\dimen175
\l__coffin_scaled_width_dim=\dimen176
)
(/opt/local/share/texmf-texlive/tex/latex/l3kernel/l3pdfmode.def
File: l3pdfmode.def 2017/03/18 v L3 Experimental driver: PDF mode
\l__driver_color_stack_int=\count160
\l__driver_tmp_box=\box45
))
Package: xparse 2017/05/13 L3 Experimental document command parser
\l__xparse_current_arg_int=\count161
\g__xparse_grabber_int=\count162
\l__xparse_m_args_int=\count163
\l__xparse_mandatory_args_int=\count164
\l__xparse_v_nesting_int=\count165
)
(/opt/local/share/texmf-texlive/tex/latex/etoolbox/etoolbox.sty
Package: etoolbox 2017/01/02 v2.4 e-TeX tools for LaTeX (JAW)
\etb@tempcnta=\count166
)
(/opt/local/share/texmf-texlive/tex/latex/oberdiek/zref-abspage.sty
Package: zref-abspage 2016/05/21 v2.26 Module abspage for zref (HO)

(/opt/local/share/texmf-texlive/tex/latex/oberdiek/zref-base.sty
Package: zref-base 2016/05/21 v2.26 Module base for zref (HO)

(/opt/local/share/texmf-texlive/tex/generic/oberdiek/kvdefinekeys.sty
Package: kvdefinekeys 2016/05/16 v1.4 Define keys (HO)
)
(/opt/local/share/texmf-texlive/tex/generic/oberdiek/pdftexcmds.sty
Package: pdftexcmds 2017/03/19 v0.25 Utility functions of pdfTeX for LuaTeX (HO
)

(/opt/local/share/texmf-texlive/tex/generic/oberdiek/ifpdf.sty
Package: ifpdf 2017/03/15 v3.2 Provides the ifpdf switch
)
Package pdftexcmds Info: LuaTeX not detected.
Package pdftexcmds Info: \pdf@primitive is available.
Package pdftexcmds Info: \pdf@ifprimitive is available.
Package pdftexcmds Info: \pdfdraftmode found.
)
(/opt/local/share/texmf-texlive/tex/latex/oberdiek/auxhook.sty
Package: auxhook 2016/05/16 v1.4 Hooks for auxiliary files (HO)
)
Package zref Info: New property list: main on input line 759.
Package zref Info: New property: default on input line 760.
Package zref Info: New property: page on input line 761.
)
(/opt/local/share/texmf-texlive/tex/generic/oberdiek/atbegshi.sty
Package: atbegshi 2016/06/09 v1.18 At begin shipout hook (HO)
)
\c@abspage=\count167
Package zref Info: New property: abspage on input line 62.
)
(/opt/local/share/texmf-texlive/tex/latex/needspace/needspace.sty
Package: needspace 2010/09/12 v1.3d reserve vertical space
)
\mdf@templength=\skip52
\c@mdf@globalstyle@cnt=\count168
\mdf@skipabove@length=\skip53
\mdf@skipbelow@length=\skip54
\mdf@leftmargin@length=\skip55
\mdf@rightmargin@length=\skip56
\mdf@innerleftmargin@length=\skip57
\mdf@innerrightmargin@length=\skip58
\mdf@innertopmargin@length=\skip59
\mdf@innerbottommargin@length=\skip60
\mdf@splittopskip@length=\skip61
\mdf@splitbottomskip@length=\skip62
\mdf@outermargin@length=\skip63
\mdf@innermargin@length=\skip64
\mdf@linewidth@length=\skip65
\mdf@innerlinewidth@length=\skip66
\mdf@middlelinewidth@length=\skip67
\mdf@outerlinewidth@length=\skip68
\mdf@roundcorner@length=\skip69
\mdf@footenotedistance@length=\skip70
\mdf@userdefinedwidth@length=\skip71
\mdf@needspace@length=\skip72
\mdf@frametitleaboveskip@length=\skip73
\mdf@frametitlebelowskip@length=\skip74
\mdf@frametitlerulewidth@length=\skip75
\mdf@frametitleleftmargin@length=\skip76
\mdf@frametitlerightmargin@length=\skip77
\mdf@shadowsize@length=\skip78
\mdf@extratopheight@length=\skip79
\mdf@subtitleabovelinewidth@length=\skip80
\mdf@subtitlebelowlinewidth@length=\skip81
\mdf@subtitleaboveskip@length=\skip82
\mdf@subtitlebelowskip@length=\skip83
\mdf@subtitleinneraboveskip@length=\skip84
\mdf@subtitleinnerbelowskip@length=\skip85
\mdf@subsubtitleabovelinewidth@length=\skip86
\mdf@subsubtitlebelowlinewidth@length=\skip87
\mdf@subsubtitleaboveskip@length=\skip88
\mdf@subsubtitlebelowskip@length=\skip89
\mdf@subsubtitleinneraboveskip@length=\skip90
\mdf@subsubtitleinnerbelowskip@length=\skip91

(/opt/local/share/texmf-texlive/tex/latex/mdframed/md-frame-0.mdf
File: md-frame-0.mdf 2013/07/01\ 1.9b: md-frame-0
)
\mdf@frametitlebox=\box46
\mdf@footnotebox=\box47
\mdf@splitbox@one=\box48
\mdf@splitbox@two=\box49
\mdf@splitbox@save=\box50
\mdfsplitboxwidth=\skip92
\mdfsplitboxtotalwidth=\skip93
\mdfsplitboxheight=\skip94
\mdfsplitboxdepth=\skip95
\mdfsplitboxtotalheight=\skip96
\mdfframetitleboxwidth=\skip97
\mdfframetitleboxtotalwidth=\skip98
\mdfframetitleboxheight=\skip99
\mdfframetitleboxdepth=\skip100
\mdfframetitleboxtotalheight=\skip101
\mdffootnoteboxwidth=\skip102
\mdffootnoteboxtotalwidth=\skip103
\mdffootnoteboxheight=\skip104
\mdffootnoteboxdepth=\skip105
\mdffootnoteboxtotalheight=\skip106
\mdftotallinewidth=\skip107
\mdfboundingboxwidth=\skip108
\mdfboundingboxtotalwidth=\skip109
\mdfboundingboxheight=\skip110
\mdfboundingboxdepth=\skip111
\mdfboundingboxtotalheight=\skip112
\mdf@freevspace@length=\skip113
\mdf@horizontalwidthofbox@length=\skip114
\mdf@verticalmarginwhole@length=\skip115
\mdf@horizontalspaceofbox=\skip116
\mdfsubtitleheight=\skip117
\mdfsubsubtitleheight=\skip118
\c@mdfcountframes=\count169

****** mdframed patching \endmdf@trivlist

****** -- success******

.................................................
. LaTeX info: "xparse/define-command"
. 
. Defining command \newmdtheoremenv with sig. 'O{} m o m o ' on line 601.
.................................................
.................................................
. LaTeX info: "xparse/define-command"
. 
. Defining command \mdtheorem with sig. ' O{} m o m o ' on line 701.
.................................................
\mdf@envdepth=\count170
\c@mdf@env@i=\count171
\c@mdf@env@ii=\count172
\c@mdf@zref@counter=\count173
Package zref Info: New property: mdf@pagevalue on input line 895.
)
(/opt/local/share/texmf-texlive/tex/latex/placeins/placeins.sty
Package: placeins 2005/04/18  v 2.2
)
(/opt/local/share/texmf-texlive/tex/latex/multirow/multirow.sty
Package: multirow 2016/11/25 v2.2 Span multiple rows of a table
\multirow@colwidth=\skip119
\multirow@cntb=\count174
\multirow@dima=\skip120
\bigstrutjot=\dimen177
)
(/opt/local/share/texmf-texlive/tex/latex/booktabs/booktabs.sty
Package: booktabs 2016/04/27 v1.618033 publication quality tables
\heavyrulewidth=\dimen178
\lightrulewidth=\dimen179
\cmidrulewidth=\dimen180
\belowrulesep=\dimen181
\belowbottomsep=\dimen182
\aboverulesep=\dimen183
\abovetopsep=\dimen184
\cmidrulesep=\dimen185
\cmidrulekern=\dimen186
\defaultaddspace=\dimen187
\@cmidla=\count175
\@cmidlb=\count176
\@aboverulesep=\dimen188
\@belowrulesep=\dimen189
\@thisruleclass=\count177
\@lastruleclass=\count178
\@thisrulewidth=\dimen190
)
(/opt/local/share/texmf-texlive/tex/latex/subfigure/subfigure.sty
Package: subfigure 2002/03/15 v2.1.5 subfigure package
\subfigtopskip=\skip121
\subfigcapskip=\skip122
\subfigcaptopadj=\dimen191
\subfigbottomskip=\skip123
\subfigcapmargin=\dimen192
\subfiglabelskip=\skip124
\c@subfigure=\count179
\c@lofdepth=\count180
\c@subtable=\count181
\c@lotdepth=\count182

****************************************
* Local config file subfigure.cfg used *
****************************************
(/opt/local/share/texmf-texlive/tex/latex/subfigure/subfigure.cfg)
\subfig@top=\skip125
\subfig@bottom=\skip126
)
(/opt/local/share/texmf-texlive/tex/latex/algorithm2e/algorithm2e.sty
Package: algorithm2e 2013/01/06 v5.00 algorithms environments
\c@AlgoLine=\count183
\algocf@hangindent=\skip127

(/opt/local/share/texmf-texlive/tex/latex/tools/xspace.sty
Package: xspace 2014/10/28 v1.13 Space after command names (DPC,MH)
)
(/opt/local/share/texmf-texlive/tex/latex/relsize/relsize.sty
Package: relsize 2013/03/29 ver 4.1
)
********************************************************
Package `algorithm2e' Release 5.1 -- october 19 2015 --
- algorithm2e-announce@lirmm.fr mailing list for announcement about releases
- algorithm2e-discussion@lirmm.fr mailing list for discussion about package
subscribe by emailing sympa@lirmm.fr with 'subscribe <list> <firstname name>'
- Author: Christophe Fiorio (christophe.fiorio@umontpellier.fr)
********************************************************
\skiptotal=\skip128
\skiplinenumber=\skip129
\skiprule=\skip130
\skiphlne=\skip131
\skiptext=\skip132
\skiplength=\skip133
\algomargin=\skip134
\skipalgocfslide=\skip135
\algowidth=\dimen193
\inoutsize=\dimen194
\inoutindent=\dimen195
\interspacetitleruled=\dimen196
\interspacealgoruled=\dimen197
\interspacetitleboxruled=\dimen198
\algocf@ruledwidth=\skip136
\algocf@inoutbox=\box51
\algocf@inputbox=\box52
\AlCapSkip=\skip137
\AlCapHSkip=\skip138
\algoskipindent=\skip139
\algocf@nlbox=\box53
\algocf@hangingbox=\box54
\algocf@untilbox=\box55
\algocf@skipuntil=\skip140
\algocf@capbox=\box56
\algoheightruledefault=\skip141
\algoheightrule=\skip142
\algotitleheightruledefault=\skip143
\algotitleheightrule=\skip144
\c@algocfline=\count184
\c@algocfproc=\count185
\c@algocf=\count186
\algocf@algoframe=\box57
\algocf@algobox=\box58
) (/opt/local/share/texmf/tex/latex/pgf/frontendlayer/tikz.sty
(/opt/local/share/texmf/tex/latex/pgf/basiclayer/pgf.sty
(/opt/local/share/texmf/tex/latex/pgf/utilities/pgfrcs.sty
(/opt/local/share/texmf/tex/generic/pgf/utilities/pgfutil-common.tex
\pgfutil@everybye=\toks34
\pgfutil@tempdima=\dimen199
\pgfutil@tempdimb=\dimen256

(/opt/local/share/texmf/tex/generic/pgf/utilities/pgfutil-common-lists.tex))
(/opt/local/share/texmf/tex/generic/pgf/utilities/pgfutil-latex.def
\pgfutil@abb=\box59

(/opt/local/share/texmf-texlive/tex/latex/ms/everyshi.sty
Package: everyshi 2001/05/15 v3.00 EveryShipout Package (MS)
))
(/opt/local/share/texmf/tex/generic/pgf/utilities/pgfrcs.code.tex
Package: pgfrcs 2015/08/07 v3.0.1 (rcs-revision 1.31)
))
Package: pgf 2015/08/07 v3.0.1 (rcs-revision 1.15)

(/opt/local/share/texmf/tex/latex/pgf/basiclayer/pgfcore.sty
(/opt/local/share/texmf/tex/latex/pgf/systemlayer/pgfsys.sty
(/opt/local/share/texmf/tex/generic/pgf/systemlayer/pgfsys.code.tex
Package: pgfsys 2014/07/09 v3.0.1 (rcs-revision 1.48)

(/opt/local/share/texmf/tex/generic/pgf/utilities/pgfkeys.code.tex)
\pgf@x=\dimen257
\pgf@y=\dimen258
\pgf@xa=\dimen259
\pgf@ya=\dimen260
\pgf@xb=\dimen261
\pgf@yb=\dimen262
\pgf@xc=\dimen263
\pgf@yc=\dimen264
\w@pgf@writea=\write3
\r@pgf@reada=\read1
\c@pgf@counta=\count187
\c@pgf@countb=\count188
\c@pgf@countc=\count189
\c@pgf@countd=\count190
\t@pgf@toka=\toks35
\t@pgf@tokb=\toks36
\t@pgf@tokc=\toks37

(/opt/local/share/texmf/tex/generic/pgf/systemlayer/pgf.cfg
File: pgf.cfg 2008/05/14  (rcs-revision 1.7)
)
Driver file for pgf: pgfsys-pdftex.def

(/opt/local/share/texmf/tex/generic/pgf/systemlayer/pgfsys-pdftex.def
File: pgfsys-pdftex.def 2014/10/11  (rcs-revision 1.35)

(/opt/local/share/texmf/tex/generic/pgf/systemlayer/pgfsys-common-pdf.def
File: pgfsys-common-pdf.def 2013/10/10  (rcs-revision 1.13)
)))
(/opt/local/share/texmf/tex/generic/pgf/systemlayer/pgfsyssoftpath.code.tex
File: pgfsyssoftpath.code.tex 2013/09/09  (rcs-revision 1.9)
\pgfsyssoftpath@smallbuffer@items=\count191
\pgfsyssoftpath@bigbuffer@items=\count192
)
(/opt/local/share/texmf/tex/generic/pgf/systemlayer/pgfsysprotocol.code.tex
File: pgfsysprotocol.code.tex 2006/10/16  (rcs-revision 1.4)
))
(/opt/local/share/texmf/tex/generic/pgf/basiclayer/pgfcore.code.tex
Package: pgfcore 2010/04/11 v3.0.1 (rcs-revision 1.7)

(/opt/local/share/texmf/tex/generic/pgf/math/pgfmath.code.tex)
(/opt/local/share/texmf/tex/generic/pgf/basiclayer/pgfcorepoints.code.tex
File: pgfcorepoints.code.tex 2013/10/07  (rcs-revision 1.27)
\pgf@picminx=\dimen265
\pgf@picmaxx=\dimen266
\pgf@picminy=\dimen267
\pgf@picmaxy=\dimen268
\pgf@pathminx=\dimen269
\pgf@pathmaxx=\dimen270
\pgf@pathminy=\dimen271
\pgf@pathmaxy=\dimen272
\pgf@xx=\dimen273
\pgf@xy=\dimen274
\pgf@yx=\dimen275
\pgf@yy=\dimen276
\pgf@zx=\dimen277
\pgf@zy=\dimen278
)
(/opt/local/share/texmf/tex/generic/pgf/basiclayer/pgfcorepathconstruct.code.te
x
File: pgfcorepathconstruct.code.tex 2013/10/07  (rcs-revision 1.29)
\pgf@path@lastx=\dimen279
\pgf@path@lasty=\dimen280
) (/opt/local/share/texmf/tex/generic/pgf/basiclayer/pgfcorepathusage.code.tex
File: pgfcorepathusage.code.tex 2014/11/02  (rcs-revision 1.24)
\pgf@shorten@end@additional=\dimen281
\pgf@shorten@start@additional=\dimen282
) (/opt/local/share/texmf/tex/generic/pgf/basiclayer/pgfcorescopes.code.tex
File: pgfcorescopes.code.tex 2015/05/08  (rcs-revision 1.46)
\pgfpic=\box60
\pgf@hbox=\box61
\pgf@layerbox@main=\box62
\pgf@picture@serial@count=\count193
)
(/opt/local/share/texmf/tex/generic/pgf/basiclayer/pgfcoregraphicstate.code.tex
File: pgfcoregraphicstate.code.tex 2014/11/02  (rcs-revision 1.12)
\pgflinewidth=\dimen283
)
(/opt/local/share/texmf/tex/generic/pgf/basiclayer/pgfcoretransformations.code.
tex
File: pgfcoretransformations.code.tex 2015/08/07  (rcs-revision 1.20)
\pgf@pt@x=\dimen284
\pgf@pt@y=\dimen285
\pgf@pt@temp=\dimen286
) (/opt/local/share/texmf/tex/generic/pgf/basiclayer/pgfcorequick.code.tex
File: pgfcorequick.code.tex 2008/10/09  (rcs-revision 1.3)
)
(/opt/local/share/texmf/tex/generic/pgf/basiclayer/pgfcoreobjects.code.tex
File: pgfcoreobjects.code.tex 2006/10/11  (rcs-revision 1.2)
)
(/opt/local/share/texmf/tex/generic/pgf/basiclayer/pgfcorepathprocessing.code.t
ex
File: pgfcorepathprocessing.code.tex 2013/09/09  (rcs-revision 1.9)
) (/opt/local/share/texmf/tex/generic/pgf/basiclayer/pgfcorearrows.code.tex
File: pgfcorearrows.code.tex 2015/05/14  (rcs-revision 1.43)
\pgfarrowsep=\dimen287
)
(/opt/local/share/texmf/tex/generic/pgf/basiclayer/pgfcoreshade.code.tex
File: pgfcoreshade.code.tex 2013/07/15  (rcs-revision 1.15)
\pgf@max=\dimen288
\pgf@sys@shading@range@num=\count194
)
(/opt/local/share/texmf/tex/generic/pgf/basiclayer/pgfcoreimage.code.tex
File: pgfcoreimage.code.tex 2013/07/15  (rcs-revision 1.18)

(/opt/local/share/texmf/tex/generic/pgf/basiclayer/pgfcoreexternal.code.tex
File: pgfcoreexternal.code.tex 2014/07/09  (rcs-revision 1.21)
\pgfexternal@startupbox=\box63
))
(/opt/local/share/texmf/tex/generic/pgf/basiclayer/pgfcorelayers.code.tex
File: pgfcorelayers.code.tex 2013/07/18  (rcs-revision 1.7)
)
(/opt/local/share/texmf/tex/generic/pgf/basiclayer/pgfcoretransparency.code.tex
File: pgfcoretransparency.code.tex 2013/09/30  (rcs-revision 1.5)
) (/opt/local/share/texmf/tex/generic/pgf/basiclayer/pgfcorepatterns.code.tex
File: pgfcorepatterns.code.tex 2013/11/07  (rcs-revision 1.5)
))) (/opt/local/share/texmf/tex/generic/pgf/modules/pgfmoduleshapes.code.tex
File: pgfmoduleshapes.code.tex 2014/03/21  (rcs-revision 1.35)
\pgfnodeparttextbox=\box64
)
(/opt/local/share/texmf/tex/generic/pgf/modules/pgfmoduleplot.code.tex
File: pgfmoduleplot.code.tex 2015/08/03  (rcs-revision 1.13)
)
(/opt/local/share/texmf/tex/latex/pgf/compatibility/pgfcomp-version-0-65.sty
Package: pgfcomp-version-0-65 2007/07/03 v3.0.1 (rcs-revision 1.7)
\pgf@nodesepstart=\dimen289
\pgf@nodesepend=\dimen290
)
(/opt/local/share/texmf/tex/latex/pgf/compatibility/pgfcomp-version-1-18.sty
Package: pgfcomp-version-1-18 2007/07/23 v3.0.1 (rcs-revision 1.1)
))
(/opt/local/share/texmf/tex/latex/pgf/utilities/pgffor.sty
(/opt/local/share/texmf/tex/latex/pgf/utilities/pgfkeys.sty
(/opt/local/share/texmf/tex/generic/pgf/utilities/pgfkeys.code.tex))
(/opt/local/share/texmf/tex/latex/pgf/math/pgfmath.sty
(/opt/local/share/texmf/tex/generic/pgf/math/pgfmath.code.tex))
(/opt/local/share/texmf/tex/generic/pgf/utilities/pgffor.code.tex
Package: pgffor 2013/12/13 v3.0.1 (rcs-revision 1.25)

(/opt/local/share/texmf/tex/generic/pgf/math/pgfmath.code.tex)
\pgffor@iter=\dimen291
\pgffor@skip=\dimen292
\pgffor@stack=\toks38
\pgffor@toks=\toks39
))
(/opt/local/share/texmf/tex/generic/pgf/frontendlayer/tikz/tikz.code.tex
Package: tikz 2015/08/07 v3.0.1 (rcs-revision 1.151)

(/opt/local/share/texmf/tex/generic/pgf/libraries/pgflibraryplothandlers.code.t
ex
File: pgflibraryplothandlers.code.tex 2013/08/31 v3.0.1 (rcs-revision 1.20)
\pgf@plot@mark@count=\count195
\pgfplotmarksize=\dimen293
)
\tikz@lastx=\dimen294
\tikz@lasty=\dimen295
\tikz@lastxsaved=\dimen296
\tikz@lastysaved=\dimen297
\tikzleveldistance=\dimen298
\tikzsiblingdistance=\dimen299
\tikz@figbox=\box65
\tikz@figbox@bg=\box66
\tikz@tempbox=\box67
\tikz@tempbox@bg=\box68
\tikztreelevel=\count196
\tikznumberofchildren=\count197
\tikznumberofcurrentchild=\count198
\tikz@fig@count=\count199
 (/opt/local/share/texmf/tex/generic/pgf/modules/pgfmodulematrix.code.tex
File: pgfmodulematrix.code.tex 2013/09/17  (rcs-revision 1.8)
\pgfmatrixcurrentrow=\count266
\pgfmatrixcurrentcolumn=\count267
\pgf@matrix@numberofcolumns=\count268
)
\tikz@expandcount=\count269

(/opt/local/share/texmf/tex/generic/pgf/frontendlayer/tikz/libraries/tikzlibrar
ytopaths.code.tex
File: tikzlibrarytopaths.code.tex 2008/06/17 v3.0.1 (rcs-revision 1.2)
))) (/opt/local/share/texmf-texlive/tex/latex/tools/hhline.sty
Package: hhline 2014/10/28 v2.03 Table rule package (DPC)
) (/opt/local/share/texmf-texlive/tex/latex/tools/tabularx.sty
Package: tabularx 2016/02/03 v2.11 `tabularx' package (DPC)

(/opt/local/share/texmf-texlive/tex/latex/tools/array.sty
Package: array 2016/10/06 v2.4d Tabular extension package (FMi)
\col@sep=\dimen300
\extrarowheight=\dimen301
\NC@list=\toks40
\extratabsurround=\skip145
\backup@length=\skip146
)
\TX@col@width=\dimen302
\TX@old@table=\dimen303
\TX@old@col=\dimen304
\TX@target=\dimen305
\TX@delta=\dimen306
\TX@cols=\count270
\TX@ftn=\toks41
)
(/opt/local/share/texmf-texlive/tex/latex/amsmath/amsmath.sty
Package: amsmath 2016/11/05 v2.16a AMS math features
\@mathmargin=\skip147

For additional information on amsmath, use the `?' option.
(/opt/local/share/texmf-texlive/tex/latex/amsmath/amstext.sty
Package: amstext 2000/06/29 v2.01 AMS text

(/opt/local/share/texmf-texlive/tex/latex/amsmath/amsgen.sty
File: amsgen.sty 1999/11/30 v2.0 generic functions
\@emptytoks=\toks42
\ex@=\dimen307
))
(/opt/local/share/texmf-texlive/tex/latex/amsmath/amsbsy.sty
Package: amsbsy 1999/11/29 v1.2d Bold Symbols
\pmbraise@=\dimen308
)
(/opt/local/share/texmf-texlive/tex/latex/amsmath/amsopn.sty
Package: amsopn 2016/03/08 v2.02 operator names
)
\inf@bad=\count271
LaTeX Info: Redefining \frac on input line 213.
\uproot@=\count272
\leftroot@=\count273
LaTeX Info: Redefining \overline on input line 375.
\classnum@=\count274
\DOTSCASE@=\count275
LaTeX Info: Redefining \ldots on input line 472.
LaTeX Info: Redefining \dots on input line 475.
LaTeX Info: Redefining \cdots on input line 596.
\Mathstrutbox@=\box69
\strutbox@=\box70
\big@size=\dimen309
LaTeX Font Info:    Redeclaring font encoding OML on input line 712.
LaTeX Font Info:    Redeclaring font encoding OMS on input line 713.
\macc@depth=\count276
\c@MaxMatrixCols=\count277
\dotsspace@=\muskip16
\c@parentequation=\count278
\dspbrk@lvl=\count279
\tag@help=\toks43
\row@=\count280
\column@=\count281
\maxfields@=\count282
\andhelp@=\toks44
\eqnshift@=\dimen310
\alignsep@=\dimen311
\tagshift@=\dimen312
\tagwidth@=\dimen313
\totwidth@=\dimen314
\lineht@=\dimen315
\@envbody=\toks45
\multlinegap=\skip148
\multlinetaggap=\skip149
\mathdisplay@stack=\toks46
LaTeX Info: Redefining \[ on input line 2817.
LaTeX Info: Redefining \] on input line 2818.
)
(/opt/local/share/texmf-texlive/tex/latex/amsfonts/amsfonts.sty
Package: amsfonts 2013/01/14 v3.01 Basic AMSFonts support
\symAMSa=\mathgroup4
\symAMSb=\mathgroup5
LaTeX Font Info:    Overwriting math alphabet `\mathfrak' in version `bold'
(Font)                  U/euf/m/n --> U/euf/b/n on input line 106.
)
(/opt/local/share/texmf-texlive/tex/latex/amsfonts/amssymb.sty
Package: amssymb 2013/01/14 v3.01 AMS font symbols
)
\c@dfn=\count283

(./TPAIS_2018.aux)
\openout1 = `TPAIS_2018.aux'.

LaTeX Font Info:    Checking defaults for OML/cmm/m/it on input line 141.
LaTeX Font Info:    ... okay on input line 141.
LaTeX Font Info:    Checking defaults for T1/cmr/m/n on input line 141.
LaTeX Font Info:    ... okay on input line 141.
LaTeX Font Info:    Checking defaults for OT1/cmr/m/n on input line 141.
LaTeX Font Info:    ... okay on input line 141.
LaTeX Font Info:    Checking defaults for OMS/cmsy/m/n on input line 141.
LaTeX Font Info:    ... okay on input line 141.
LaTeX Font Info:    Checking defaults for OMX/cmex/m/n on input line 141.
LaTeX Font Info:    ... okay on input line 141.
LaTeX Font Info:    Checking defaults for U/cmr/m/n on input line 141.
LaTeX Font Info:    ... okay on input line 141.

(/opt/local/share/texmf-texlive/tex/context/base/mkii/supp-pdf.mkii
[Loading MPS to PDF converter (version 2006.09.02).]
\scratchcounter=\count284
\scratchdimen=\dimen316
\scratchbox=\box71
\nofMPsegments=\count285
\nofMParguments=\count286
\everyMPshowfont=\toks47
\MPscratchCnt=\count287
\MPscratchDim=\dimen317
\MPnumerator=\count288
\makeMPintoPDFobject=\count289
\everyMPtoPDFconversion=\toks48
) (/opt/local/share/texmf-texlive/tex/latex/oberdiek/epstopdf-base.sty
Package: epstopdf-base 2016/05/15 v2.6 Base part for package epstopdf

(/opt/local/share/texmf-texlive/tex/latex/oberdiek/grfext.sty
Package: grfext 2016/05/16 v1.2 Manage graphics extensions (HO)
)
Package epstopdf-base Info: Redefining graphics rule for `.eps' on input line 4
38.
Package grfext Info: Graphics extension search list:
(grfext)             [.png,.pdf,.jpg,.mps,.jpeg,.jbig2,.jb2,.PNG,.PDF,.JPG,.JPE
G,.JBIG2,.JB2,.eps]
(grfext)             \AppendGraphicsExtensions on input line 456.

(/opt/local/share/texmf-texlive/tex/latex/latexconfig/epstopdf-sys.cfg
File: epstopdf-sys.cfg 2010/07/13 v1.3 Configuration of (r)epstopdf for TeX Liv
e
))
\AtBeginShipoutBox=\box72

ABD: EveryShipout initializing macros
LaTeX Font Info:    Try loading font information for U+msa on input line 197.

(/opt/local/share/texmf-texlive/tex/latex/amsfonts/umsa.fd
File: umsa.fd 2013/01/14 v3.01 AMS symbols A
)
LaTeX Font Info:    Try loading font information for U+msb on input line 197.

(/opt/local/share/texmf-texlive/tex/latex/amsfonts/umsb.fd
File: umsb.fd 2013/01/14 v3.01 AMS symbols B
) [1
Non-PDF special ignored!
Non-PDF special ignored!
Non-PDF special ignored!
Non-PDF special ignored!


Non-PDF special ignored!
Non-PDF special ignored!
Non-PDF special ignored!{/opt/local/var/db/texmf/fonts/map/pdftex/updmap/pdftex
.map}] [2] [3] [4] [5] [6] [7] [8]
<"images/TPAIS/R2_marginal_1".pdf, id=48, 421.575pt x 316.18124pt>
File: "images/TPAIS/R2_marginal_1".pdf Graphic file (type pdf)

<use "images/TPAIS/R2_marginal_1".pdf>
Package pdftex.def Info: "images/TPAIS/R2_marginal_1".pdf used on input line 69
0.
(pdftex.def)             Requested size: 114.81805pt x 86.11305pt.

<"images/TPAIS/R2_marginal_2".pdf, id=49, 421.575pt x 316.18124pt>
File: "images/TPAIS/R2_marginal_2".pdf Graphic file (type pdf)

<use "images/TPAIS/R2_marginal_2".pdf>
Package pdftex.def Info: "images/TPAIS/R2_marginal_2".pdf used on input line 69
1.
(pdftex.def)             Requested size: 114.81805pt x 86.11305pt.

<images/TPAIS/R2_posterior.pdf, id=50, 421.575pt x 316.18124pt>
File: images/TPAIS/R2_posterior.pdf Graphic file (type pdf)

<use images/TPAIS/R2_posterior.pdf>
Package pdftex.def Info: images/TPAIS/R2_posterior.pdf used on input line 692.
(pdftex.def)             Requested size: 114.81805pt x 86.11305pt.

Underfull \hbox (badness 1484) in paragraph at lines 692--692
[]\OT1/cmr/m/n/8 (c) Con-tour plot for Rosen-
 []


Overfull \hbox (0.92085pt too wide) in paragraph at lines 701--702
 \OT1/cmr/bx/n/10 5.1. Im-ple-men-ta-tion de-tails.[] \OT1/cmr/m/n/10 Be-fore l
ook-ing at the per-for-mance of the MCMC
 []

[9 <./images/TPAIS/R2_marginal_1.pdf> <./images/TPAIS/R2_marginal_2.pdf> <./ima
ges/TPAIS/R2_posterior.pdf>]
<"images/TPAIS/R2_transport_orig".pdf, id=89, 421.575pt x 316.18124pt>
File: "images/TPAIS/R2_transport_orig".pdf Graphic file (type pdf)

<use "images/TPAIS/R2_transport_orig".pdf>
Package pdftex.def Info: "images/TPAIS/R2_transport_orig".pdf used on input lin
e 721.
(pdftex.def)             Requested size: 114.81805pt x 86.11305pt.

Underfull \hbox (badness 2744) in paragraph at lines 721--721
[]\OT1/cmr/m/n/8 (a) Orig-i-nal sam-ple $\OML/cmm/m/it/8 ^^R$ \OT1/cmr/m/n/8 fr
om
 []

<"images/TPAIS/R2_transport_ref".pdf, id=90, 421.575pt x 316.18124pt>
File: "images/TPAIS/R2_transport_ref".pdf Graphic file (type pdf)

<use "images/TPAIS/R2_transport_ref".pdf>
Package pdftex.def Info: "images/TPAIS/R2_transport_ref".pdf used on input line
 722.
(pdftex.def)             Requested size: 114.81805pt x 86.11305pt.

<images/TPAIS/R2_transport_pullback.pdf, id=91, 421.575pt x 316.18124pt>
File: images/TPAIS/R2_transport_pullback.pdf Graphic file (type pdf)

<use images/TPAIS/R2_transport_pullback.pdf>
Package pdftex.def Info: images/TPAIS/R2_transport_pullback.pdf used on input l
ine 723.
(pdftex.def)             Requested size: 114.81805pt x 86.11305pt.
 [10]
<images/TPAIS/R1_L2.pdf, id=96, 449.68pt x 338.26375pt>
File: images/TPAIS/R1_L2.pdf Graphic file (type pdf)

<use images/TPAIS/R1_L2.pdf>
Package pdftex.def Info: images/TPAIS/R1_L2.pdf used on input line 780.
(pdftex.def)             Requested size: 166.67154pt x 125.37756pt.

<images/TPAIS/R1_L2_all.pdf, id=97, 449.68pt x 338.26375pt>
File: images/TPAIS/R1_L2_all.pdf Graphic file (type pdf)

<use images/TPAIS/R1_L2_all.pdf>
Package pdftex.def Info: images/TPAIS/R1_L2_all.pdf used on input line 781.
(pdftex.def)             Requested size: 166.67154pt x 125.37756pt.
 [11 <./images/TPAIS/R2_transport_orig.pdf> <./images/TPAIS/R2_transport_ref.pd
f> <./images/TPAIS/R2_transport_pullback.pdf>]
[12 <./images/TPAIS/R1_L2.pdf> <./images/TPAIS/R1_L2_all.pdf>]
Overfull \hbox (5.76976pt too wide) in paragraph at lines 842--854
\OT1/cmr/m/n/10 actly, for in-stance us-ing the Gille-spie SSA***CITE***, or it
s vari-ants [6]****CITE****.
 []

[13] [14]
Overfull \hbox (1.06116pt too wide) in paragraph at lines 963--976
 \OT1/cmr/bx/n/10 6.2. Ap-prox-i-ma-tion of like-li-hoods in mul-ti-scale chem-
i-cal net-works.[] \OT1/cmr/m/n/10 Sup-
 []


Underfull \vbox (badness 1117) has occurred while \output is active []

 [15]
[16] <"images/Applications/CMA_posterior".pdf, id=155, 786.94pt x 567.11874pt>
File: "images/Applications/CMA_posterior".pdf Graphic file (type pdf)

<use "images/Applications/CMA_posterior".pdf>
Package pdftex.def Info: "images/Applications/CMA_posterior".pdf used on input 
line 1085.
(pdftex.def)             Requested size: 333.3431pt x 240.22182pt.
 [17 <./images/Applications/CMA_posterior.pdf>]
Overfull \hbox (7.63562pt too wide) in paragraph at lines 1163--1164
 [][] 
 []

[18] [19]
<"images/Applications/CMA_L2_param_space".pdf, id=175, 647.41875pt x 381.425pt>
File: "images/Applications/CMA_L2_param_space".pdf Graphic file (type pdf)
<use "images/Applications/CMA_L2_param_space".pdf>
Package pdftex.def Info: "images/Applications/CMA_L2_param_space".pdf used on i
nput line 1226.
(pdftex.def)             Requested size: 183.33813pt x 108.01466pt.

<"images/Applications/CMA_L2_log_space".pdf, id=176, 649.42625pt x 381.425pt>
File: "images/Applications/CMA_L2_log_space".pdf Graphic file (type pdf)

<use "images/Applications/CMA_L2_log_space".pdf>
Package pdftex.def Info: "images/Applications/CMA_L2_log_space".pdf used on inp
ut line 1227.
(pdftex.def)             Requested size: 183.33813pt x 107.6771pt.

<"images/Applications/CMA_ref_space_MHTRW".pdf, id=177, 786.94pt x 567.11874pt>
File: "images/Applications/CMA_ref_space_MHTRW".pdf Graphic file (type pdf)
<use "images/Applications/CMA_ref_space_MHTRW".pdf>
Package pdftex.def Info: "images/Applications/CMA_ref_space_MHTRW".pdf used on 
input line 1238.
(pdftex.def)             Requested size: 183.33813pt x 132.122pt.

<"images/Applications/CMA_ref_space_MHlogTRW".pdf, id=178, 786.94pt x 567.11874
pt>
File: "images/Applications/CMA_ref_space_MHlogTRW".pdf Graphic file (type pdf)
 <use "images/Applications/CMA_ref_space_MHlogTRW".pdf>
Package pdftex.def Info: "images/Applications/CMA_ref_space_MHlogTRW".pdf used 
on input line 1239.
(pdftex.def)             Requested size: 183.33813pt x 132.122pt.


LaTeX Warning: Reference `sec:multiscale_posterior' on page 20 undefined on inp
ut line 1240.


LaTeX Warning: Reference `sec:multiscale_posterior' on page 20 undefined on inp
ut line 1240.

[20 <./images/Applications/CMA_L2_param_space.pdf> <./images/Applications/CMA_L
2_log_space.pdf>]
<"images/Applications/Diff_CMA_QEA".pdf, id=214, 786.94pt x 567.11874pt>
File: "images/Applications/Diff_CMA_QEA".pdf Graphic file (type pdf)

<use "images/Applications/Diff_CMA_QEA".pdf>
Package pdftex.def Info: "images/Applications/Diff_CMA_QEA".pdf used on input l
ine 1261.
(pdftex.def)             Requested size: 333.3431pt x 240.22182pt.
 [21 <./images/Applications/CMA_ref_space_MHTRW.pdf> <./images/Applications/CMA
_ref_space_MHlogTRW.pdf>]

LaTeX Warning: Reference `sec:multiscale_posterior' on page 22 undefined on inp
ut line 1292.

[22 <./images/Applications/Diff_CMA_QEA.pdf>]
<"images/Applications/QEA_approx_marginal".pdf, id=253, 514.92375pt x 382.42876
pt>
File: "images/Applications/QEA_approx_marginal".pdf Graphic file (type pdf)
 <use "images/Applications/QEA_approx_marginal".pdf>
Package pdftex.def Info: "images/Applications/QEA_approx_marginal".pdf used on 
input line 1300.
(pdftex.def)             Requested size: 183.33813pt x 136.16287pt.

<"images/Applications/CMA_approx_marginal".pdf, id=254, 514.92375pt x 382.42876
pt>
File: "images/Applications/CMA_approx_marginal".pdf Graphic file (type pdf)
 <use "images/Applications/CMA_approx_marginal".pdf>
Package pdftex.def Info: "images/Applications/CMA_approx_marginal".pdf used on 
input line 1301.
(pdftex.def)             Requested size: 183.33813pt x 136.16287pt.
 [23 <./images/Applications/QEA_approx_marginal.pdf> <./images/Applications/CMA
_approx_marginal.pdf>]

LaTeX Warning: Reference `fig:GRN_cycle' on page 24 undefined on input line 131
9.

[24] [25]
<"images/Applications/GRN_posterior".pdf, id=301, 1067.99pt x 759.83875pt>
File: "images/Applications/GRN_posterior".pdf Graphic file (type pdf)

<use "images/Applications/GRN_posterior".pdf>
Package pdftex.def Info: "images/Applications/GRN_posterior".pdf used on input 
line 1385.
(pdftex.def)             Requested size: 444.45935pt x 316.21996pt.
 [26 <./images/Applications/GRN_posterior.pdf>]

LaTeX Warning: Reference `sec:ex_W1' on page 27 undefined on input line 1415.


Overfull \hbox (11.88072pt too wide) in paragraph at lines 1431--1440
 [][] 
 []


<"images/Applications/GRN_convergence".pdf, id=315, 649.42625pt x 380.42125pt>
File: "images/Applications/GRN_convergence".pdf Graphic file (type pdf)

<use "images/Applications/GRN_convergence".pdf>
Package pdftex.def Info: "images/Applications/GRN_convergence".pdf used on inpu
t line 1450.
(pdftex.def)             Requested size: 183.33813pt x 107.39374pt.

<"images/Applications/GRN_convergence_log".pdf, id=316, 649.42625pt x 381.425pt
>
File: "images/Applications/GRN_convergence_log".pdf Graphic file (type pdf)
 <use "images/Applications/GRN_convergence_log".pdf>
Package pdftex.def Info: "images/Applications/GRN_convergence_log".pdf used on 
input line 1451.
(pdftex.def)             Requested size: 183.33813pt x 107.6771pt.
 [27] (./TPAIS_2018.bbl
[28 <./images/Applications/GRN_convergence.pdf> <./images/Applications/GRN_conv
ergence_log.pdf>]) [29] (./TPAIS_2018.aux)

LaTeX Warning: There were undefined references.

 )
(\end occurred inside a group at level 1)

### simple group (level 1) entered at line 1061 ({)
### bottom level 
Here is how much of TeX's memory you used:
 24516 strings out of 494099
 469316 string characters out of 6155351
 541454 words of memory out of 5000000
 27479 multiletter control sequences out of 15000+600000
 12988 words of font info for 48 fonts, out of 8000000 for 9000
 430 hyphenation exceptions out of 8191
 54i,21n,54p,10458b,7056s stack positions out of 5000i,500n,10000p,200000b,80000s
</opt/local/share/texmf-texlive/fonts/type1/public/amsfonts/cm/
cmbx10.pfb></opt/local/share/texmf-texlive/fonts/type1/public/amsfonts/cm/cmbx7
.pfb></opt/local/share/texmf-texlive/fonts/type1/public/amsfonts/cm/cmbx8.pfb><
/opt/local/share/texmf-texlive/fonts/type1/public/amsfonts/cm/cmcsc10.pfb></opt
/local/share/texmf-texlive/fonts/type1/public/amsfonts/cm/cmex10.pfb></opt/loca
l/share/texmf-texlive/fonts/type1/public/amsfonts/cm/cmmi10.pfb></opt/local/sha
re/texmf-texlive/fonts/type1/public/amsfonts/cm/cmmi5.pfb></opt/local/share/tex
mf-texlive/fonts/type1/public/amsfonts/cm/cmmi6.pfb></opt/local/share/texmf-tex
live/fonts/type1/public/amsfonts/cm/cmmi7.pfb></opt/local/share/texmf-texlive/f
onts/type1/public/amsfonts/cm/cmmi8.pfb></opt/local/share/texmf-texlive/fonts/t
ype1/public/amsfonts/cm/cmr10.pfb></opt/local/share/texmf-texlive/fonts/type1/p
ublic/amsfonts/cm/cmr5.pfb></opt/local/share/texmf-texlive/fonts/type1/public/a
msfonts/cm/cmr6.pfb></opt/local/share/texmf-texlive/fonts/type1/public/amsfonts
/cm/cmr7.pfb></opt/local/share/texmf-texlive/fonts/type1/public/amsfonts/cm/cmr
8.pfb></opt/local/share/texmf-texlive/fonts/type1/public/amsfonts/cm/cmsy10.pfb
></opt/local/share/texmf-texlive/fonts/type1/public/amsfonts/cm/cmsy5.pfb></opt
/local/share/texmf-texlive/fonts/type1/public/amsfonts/cm/cmsy6.pfb></opt/local
/share/texmf-texlive/fonts/type1/public/amsfonts/cm/cmsy7.pfb></opt/local/share
/texmf-texlive/fonts/type1/public/amsfonts/cm/cmsy8.pfb></opt/local/share/texmf
-texlive/fonts/type1/public/amsfonts/cm/cmti10.pfb></opt/local/share/texmf-texl
ive/fonts/type1/public/amsfonts/cm/cmti7.pfb></opt/local/share/texmf-texlive/fo
nts/type1/public/amsfonts/cm/cmti8.pfb></opt/local/share/texmf-texlive/fonts/ty
pe1/public/amsfonts/symbols/msbm10.pfb></opt/local/share/texmf-texlive/fonts/ty
pe1/public/amsfonts/symbols/msbm7.pfb>
Output written on TPAIS_2018.pdf (29 pages, 840541 bytes).
PDF statistics:
 444 PDF objects out of 1000 (max. 8388607)
 319 compressed objects within 4 object streams
 0 named destinations out of 1000 (max. 500000)
 108 words of extra memory for PDF output out of 10000 (max. 10000000)

